{"/Users/andrewchekh/Documents/projects/nodejs/linked_lib/meta-lib/src/auth.js": {"path":"/Users/andrewchekh/Documents/projects/nodejs/linked_lib/meta-lib/src/auth.js","statementMap":{"0":{"start":{"line":1,"column":20},"end":{"line":1,"column":27}},"1":{"start":{"line":2,"column":17},"end":{"line":2,"column":71}},"2":{"start":{"line":3,"column":18},"end":{"line":3,"column":80}},"3":{"start":{"line":4,"column":18},"end":{"line":4,"column":61}},"4":{"start":{"line":7,"column":19},"end":{"line":7,"column":45}},"5":{"start":{"line":8,"column":2},"end":{"line":10,"column":3}},"6":{"start":{"line":9,"column":4},"end":{"line":9,"column":49}},"7":{"start":{"line":12,"column":17},"end":{"line":18,"column":4}},"8":{"start":{"line":20,"column":2},"end":{"line":20,"column":44}},"9":{"start":{"line":24,"column":19},"end":{"line":24,"column":45}},"10":{"start":{"line":25,"column":23},"end":{"line":25,"column":53}},"11":{"start":{"line":27,"column":2},"end":{"line":29,"column":3}},"12":{"start":{"line":28,"column":4},"end":{"line":28,"column":73}},"13":{"start":{"line":31,"column":17},"end":{"line":36,"column":4}},"14":{"start":{"line":38,"column":14},"end":{"line":38,"column":62}},"15":{"start":{"line":39,"column":15},"end":{"line":39,"column":31}},"16":{"start":{"line":41,"column":2},"end":{"line":43,"column":3}},"17":{"start":{"line":42,"column":4},"end":{"line":42,"column":126}},"18":{"start":{"line":45,"column":2},"end":{"line":45,"column":14}},"19":{"start":{"line":49,"column":19},"end":{"line":49,"column":45}},"20":{"start":{"line":50,"column":23},"end":{"line":50,"column":53}},"21":{"start":{"line":52,"column":17},"end":{"line":57,"column":4}},"22":{"start":{"line":59,"column":14},"end":{"line":59,"column":81}},"23":{"start":{"line":60,"column":15},"end":{"line":60,"column":31}},"24":{"start":{"line":62,"column":2},"end":{"line":64,"column":3}},"25":{"start":{"line":63,"column":4},"end":{"line":63,"column":127}},"26":{"start":{"line":66,"column":2},"end":{"line":66,"column":14}},"27":{"start":{"line":70,"column":14},"end":{"line":70,"column":103}},"28":{"start":{"line":71,"column":15},"end":{"line":71,"column":31}},"29":{"start":{"line":73,"column":2},"end":{"line":75,"column":3}},"30":{"start":{"line":74,"column":4},"end":{"line":74,"column":130}},"31":{"start":{"line":77,"column":2},"end":{"line":77,"column":27}},"32":{"start":{"line":81,"column":14},"end":{"line":81,"column":101}},"33":{"start":{"line":82,"column":15},"end":{"line":82,"column":31}},"34":{"start":{"line":84,"column":2},"end":{"line":86,"column":3}},"35":{"start":{"line":85,"column":4},"end":{"line":85,"column":131}},"36":{"start":{"line":88,"column":2},"end":{"line":88,"column":14}},"37":{"start":{"line":91,"column":0},"end":{"line":97,"column":2}}},"fnMap":{"0":{"name":"getAuthorizationUrl","decl":{"start":{"line":6,"column":9},"end":{"line":6,"column":28}},"loc":{"start":{"line":6,"column":106},"end":{"line":21,"column":1}},"line":6},"1":{"name":"getAccessToken","decl":{"start":{"line":23,"column":15},"end":{"line":23,"column":29}},"loc":{"start":{"line":23,"column":49},"end":{"line":46,"column":1}},"line":23},"2":{"name":"getLongLivedToken","decl":{"start":{"line":48,"column":15},"end":{"line":48,"column":32}},"loc":{"start":{"line":48,"column":50},"end":{"line":67,"column":1}},"line":48},"3":{"name":"getPageAccessToken","decl":{"start":{"line":69,"column":15},"end":{"line":69,"column":33}},"loc":{"start":{"line":69,"column":59},"end":{"line":78,"column":1}},"line":69},"4":{"name":"getUserInfo","decl":{"start":{"line":80,"column":15},"end":{"line":80,"column":26}},"loc":{"start":{"line":80,"column":40},"end":{"line":89,"column":1}},"line":80}},"branchMap":{"0":{"loc":{"start":{"line":6,"column":42},"end":{"line":6,"column":92}},"type":"default-arg","locations":[{"start":{"line":6,"column":50},"end":{"line":6,"column":92}}],"line":6},"1":{"loc":{"start":{"line":6,"column":94},"end":{"line":6,"column":104}},"type":"default-arg","locations":[{"start":{"line":6,"column":102},"end":{"line":6,"column":104}}],"line":6},"2":{"loc":{"start":{"line":8,"column":2},"end":{"line":10,"column":3}},"type":"if","locations":[{"start":{"line":8,"column":2},"end":{"line":10,"column":3}},{"start":{},"end":{}}],"line":8},"3":{"loc":{"start":{"line":27,"column":2},"end":{"line":29,"column":3}},"type":"if","locations":[{"start":{"line":27,"column":2},"end":{"line":29,"column":3}},{"start":{},"end":{}}],"line":27},"4":{"loc":{"start":{"line":27,"column":6},"end":{"line":27,"column":32}},"type":"binary-expr","locations":[{"start":{"line":27,"column":6},"end":{"line":27,"column":15}},{"start":{"line":27,"column":19},"end":{"line":27,"column":32}}],"line":27},"5":{"loc":{"start":{"line":41,"column":2},"end":{"line":43,"column":3}},"type":"if","locations":[{"start":{"line":41,"column":2},"end":{"line":43,"column":3}},{"start":{},"end":{}}],"line":41},"6":{"loc":{"start":{"line":41,"column":6},"end":{"line":41,"column":27}},"type":"binary-expr","locations":[{"start":{"line":41,"column":6},"end":{"line":41,"column":13}},{"start":{"line":41,"column":17},"end":{"line":41,"column":27}}],"line":41},"7":{"loc":{"start":{"line":42,"column":34},"end":{"line":42,"column":79}},"type":"binary-expr","locations":[{"start":{"line":42,"column":34},"end":{"line":42,"column":53}},{"start":{"line":42,"column":57},"end":{"line":42,"column":79}}],"line":42},"8":{"loc":{"start":{"line":62,"column":2},"end":{"line":64,"column":3}},"type":"if","locations":[{"start":{"line":62,"column":2},"end":{"line":64,"column":3}},{"start":{},"end":{}}],"line":62},"9":{"loc":{"start":{"line":62,"column":6},"end":{"line":62,"column":27}},"type":"binary-expr","locations":[{"start":{"line":62,"column":6},"end":{"line":62,"column":13}},{"start":{"line":62,"column":17},"end":{"line":62,"column":27}}],"line":62},"10":{"loc":{"start":{"line":63,"column":34},"end":{"line":63,"column":80}},"type":"binary-expr","locations":[{"start":{"line":63,"column":34},"end":{"line":63,"column":53}},{"start":{"line":63,"column":57},"end":{"line":63,"column":80}}],"line":63},"11":{"loc":{"start":{"line":73,"column":2},"end":{"line":75,"column":3}},"type":"if","locations":[{"start":{"line":73,"column":2},"end":{"line":75,"column":3}},{"start":{},"end":{}}],"line":73},"12":{"loc":{"start":{"line":73,"column":6},"end":{"line":73,"column":27}},"type":"binary-expr","locations":[{"start":{"line":73,"column":6},"end":{"line":73,"column":13}},{"start":{"line":73,"column":17},"end":{"line":73,"column":27}}],"line":73},"13":{"loc":{"start":{"line":74,"column":34},"end":{"line":74,"column":83}},"type":"binary-expr","locations":[{"start":{"line":74,"column":34},"end":{"line":74,"column":53}},{"start":{"line":74,"column":57},"end":{"line":74,"column":83}}],"line":74},"14":{"loc":{"start":{"line":84,"column":2},"end":{"line":86,"column":3}},"type":"if","locations":[{"start":{"line":84,"column":2},"end":{"line":86,"column":3}},{"start":{},"end":{}}],"line":84},"15":{"loc":{"start":{"line":84,"column":6},"end":{"line":84,"column":27}},"type":"binary-expr","locations":[{"start":{"line":84,"column":6},"end":{"line":84,"column":13}},{"start":{"line":84,"column":17},"end":{"line":84,"column":27}}],"line":84},"16":{"loc":{"start":{"line":85,"column":34},"end":{"line":85,"column":84}},"type":"binary-expr","locations":[{"start":{"line":85,"column":34},"end":{"line":85,"column":53}},{"start":{"line":85,"column":57},"end":{"line":85,"column":84}}],"line":85}},"s":{"0":1,"1":1,"2":1,"3":1,"4":2,"5":2,"6":1,"7":1,"8":1,"9":2,"10":2,"11":2,"12":0,"13":2,"14":2,"15":2,"16":2,"17":1,"18":1,"19":1,"20":1,"21":1,"22":1,"23":1,"24":1,"25":0,"26":1,"27":1,"28":1,"29":1,"30":0,"31":1,"32":1,"33":1,"34":1,"35":0,"36":1,"37":1},"f":{"0":2,"1":2,"2":1,"3":1,"4":1},"b":{"0":[1],"1":[1],"2":[1,1],"3":[0,2],"4":[2,2],"5":[1,1],"6":[2,1],"7":[1,0],"8":[0,1],"9":[1,1],"10":[0,0],"11":[0,1],"12":[1,1],"13":[0,0],"14":[0,1],"15":[1,1],"16":[0,0]},"_coverageSchema":"1a1c01bbd47fc00a2c39e90264f33305004495a9","hash":"c914cf8d053af3a774d4f5ebe4a5a8fb95eb8610"}
}
