TN:
SF:src/auth.js
FN:6,getAuthorizationUrl
FN:23,getAccessToken
FN:48,getLongLivedToken
FN:69,getPageAccessToken
FN:80,getUserInfo
FNF:5
FNH:5
FNDA:2,getAuthorizationUrl
FNDA:2,getAccessToken
FNDA:1,getLongLivedToken
FNDA:1,getPageAccessToken
FNDA:1,getUserInfo
DA:1,1
DA:2,1
DA:3,1
DA:4,1
DA:7,2
DA:8,2
DA:9,1
DA:12,1
DA:20,1
DA:24,2
DA:25,2
DA:27,2
DA:28,0
DA:31,2
DA:38,2
DA:39,2
DA:41,2
DA:42,1
DA:45,1
DA:49,1
DA:50,1
DA:52,1
DA:59,1
DA:60,1
DA:62,1
DA:63,0
DA:66,1
DA:70,1
DA:71,1
DA:73,1
DA:74,0
DA:77,1
DA:81,1
DA:82,1
DA:84,1
DA:85,0
DA:88,1
DA:91,1
LF:38
LH:34
BRDA:6,0,0,1
BRDA:6,1,0,1
BRDA:8,2,0,1
BRDA:8,2,1,1
BRDA:27,3,0,0
BRDA:27,3,1,2
BRDA:27,4,0,2
BRDA:27,4,1,2
BRDA:41,5,0,1
BRDA:41,5,1,1
BRDA:41,6,0,2
BRDA:41,6,1,1
BRDA:42,7,0,1
BRDA:42,7,1,0
BRDA:62,8,0,0
BRDA:62,8,1,1
BRDA:62,9,0,1
BRDA:62,9,1,1
BRDA:63,10,0,0
BRDA:63,10,1,0
BRDA:73,11,0,0
BRDA:73,11,1,1
BRDA:73,12,0,1
BRDA:73,12,1,1
BRDA:74,13,0,0
BRDA:74,13,1,0
BRDA:84,14,0,0
BRDA:84,14,1,1
BRDA:84,15,0,1
BRDA:84,15,1,1
BRDA:85,16,0,0
BRDA:85,16,1,0
BRF:32
BRH:21
end_of_record
